Build started 04-Jan-16 10:16:38 AM.
     1>Project "C:\Users\54\Desktop\Containing-groep-6\Controller\Controller\Contoller.vcxproj" on node 2 (Build target(s)).
     1>C:\Program Files (x86)\MSBuild\Microsoft.Cpp\v4.0\V120\Microsoft.CppBuild.targets(381,5): warning MSB8028: The intermediate directory (Debug\) contains files shared from another project (Contoller.vcxproj).  This can lead to incorrect clean and rebuild behavior.
     1>ClCompile:
         C:\Program Files (x86)\Microsoft Visual Studio 12.0\VC\bin\CL.exe /c /ZI /nologo /W3 /WX- /sdl- /Od /Oy- /D WIN32 /D _DEBUG /D _CONSOLE /D _LIB /D _UNICODE /D UNICODE /Gm /EHsc /RTC1 /MDd /GS /fp:precise /Zc:wchar_t /Zc:forScope /Yu"stdafx.h" /Fp"Debug\Controller.pch" /Fo"Debug\\" /Fd"Debug\vc120.pdb" /Gd /TP /analyze- /errorReport:prompt OpenXML.cpp
         OpenXML.cpp
     1>c:\users\54\desktop\containing-groep-6\controller\controller\openxml.cpp(125): warning C4715: 'OpenXMLs::checkData' : not all control paths return a value
     1>c:\users\54\desktop\containing-groep-6\controller\controller\openxml.cpp(156): warning C4715: 'OpenXMLs::checkNieuweAankomst' : not all control paths return a value
       Link:
         C:\Program Files (x86)\Microsoft Visual Studio 12.0\VC\bin\link.exe /ERRORREPORT:PROMPT /OUT:"C:\Users\54\Desktop\Containing-groep-6\Controller\Debug\Controller.exe" /INCREMENTAL /NOLOGO kernel32.lib user32.lib gdi32.lib winspool.lib comdlg32.lib advapi32.lib shell32.lib ole32.lib oleaut32.lib uuid.lib odbc32.lib odbccp32.lib /MANIFEST /MANIFESTUAC:"level='asInvoker' uiAccess='false'" /manifest:embed /DEBUG /PDB:"C:\Users\54\Desktop\Containing-groep-6\Controller\Debug\Controller.pdb" /SUBSYSTEM:CONSOLE /TLBID:1 /DYNAMICBASE /NXCOMPAT /IMPLIB:"C:\Users\54\Desktop\Containing-groep-6\Controller\Debug\Controller.lib" /MACHINE:X86 Debug\AGV.obj
         Debug\Containers.obj
         Debug\Controller.obj
         Debug\KortstePad.obj
         Debug\OpenXML.obj
         Debug\Server.obj
         Debug\stdafx.obj
         Contoller.vcxproj -> C:\Users\54\Desktop\Containing-groep-6\Controller\Debug\Controller.exe
     1>Done Building Project "C:\Users\54\Desktop\Containing-groep-6\Controller\Controller\Contoller.vcxproj" (Build target(s)).

Build succeeded.

Time Elapsed 00:00:05.73
