Build started 8-12-2015 12:55:21.
     1>Project "C:\Users\ricardo\Documents\Informatica\Jaar 2\Contoller\Contoller\Contoller.vcxproj" on node 2 (Build target(s)).
     1>ClCompile:
         C:\Program Files (x86)\Microsoft Visual Studio 12.0\VC\bin\CL.exe /c /ZI /nologo /W3 /WX- /sdl- /Od /Oy- /D WIN32 /D _DEBUG /D _CONSOLE /D _LIB /D _UNICODE /D UNICODE /Gm /EHsc /RTC1 /MDd /GS /fp:precise /Zc:wchar_t /Zc:forScope /Yu"stdafx.h" /Fp"Debug\Contoller.pch" /Fo"Debug\\" /Fd"Debug\vc120.pdb" /Gd /TP /analyze- /errorReport:prompt AGV.cpp Contoller.cpp OpenXML.cpp Server.cpp
         Server.cpp
         OpenXML.cpp
         AGV.cpp
         Generating Code...
     1>c:\users\ricardo\documents\informatica\jaar 2\contoller\contoller\openxml.cpp(120): warning C4715: 'OpenXMLs::checkData' : not all control paths return a value
     1>c:\users\ricardo\documents\informatica\jaar 2\contoller\contoller\openxml.cpp(151): warning C4715: 'OpenXMLs::checkNieuweAankomst' : not all control paths return a value
         Skipping... (no relevant changes detected)
         Contoller.cpp
       Link:
         C:\Program Files (x86)\Microsoft Visual Studio 12.0\VC\bin\link.exe /ERRORREPORT:PROMPT /OUT:"C:\Users\ricardo\Documents\Informatica\Jaar 2\Contoller\Debug\Contoller.exe" /INCREMENTAL /NOLOGO kernel32.lib user32.lib gdi32.lib winspool.lib comdlg32.lib advapi32.lib shell32.lib ole32.lib oleaut32.lib uuid.lib odbc32.lib odbccp32.lib /MANIFEST /MANIFESTUAC:"level='asInvoker' uiAccess='false'" /manifest:embed /DEBUG /PDB:"C:\Users\ricardo\Documents\Informatica\Jaar 2\Contoller\Debug\Contoller.pdb" /SUBSYSTEM:CONSOLE /TLBID:1 /DYNAMICBASE /NXCOMPAT /IMPLIB:"C:\Users\ricardo\Documents\Informatica\Jaar 2\Contoller\Debug\Contoller.lib" /MACHINE:X86 Debug\AGV.obj
         Debug\Containers.obj
         Debug\Contoller.obj
         Debug\KortstePad.obj
         Debug\OpenXML.obj
         Debug\Server.obj
         Debug\stdafx.obj
         Contoller.vcxproj -> C:\Users\ricardo\Documents\Informatica\Jaar 2\Contoller\Debug\Contoller.exe
     1>Done Building Project "C:\Users\ricardo\Documents\Informatica\Jaar 2\Contoller\Contoller\Contoller.vcxproj" (Build target(s)).

Build succeeded.

Time Elapsed 00:00:05.33
