Build started 04-Jan-16 2:31:41 PM.
     1>Project "C:\Users\54\Desktop\Containing-groep-6\Controller\Controller\Contoller.vcxproj" on node 2 (Build target(s)).
     1>C:\Program Files (x86)\MSBuild\Microsoft.Cpp\v4.0\V120\Microsoft.CppBuild.targets(381,5): warning MSB8028: The intermediate directory (Release\) contains files shared from another project (Contoller.vcxproj).  This can lead to incorrect clean and rebuild behavior.
     1>ClCompile:
         C:\Program Files (x86)\Microsoft Visual Studio 12.0\VC\bin\CL.exe /c /Zi /nologo /W3 /WX- /sdl /O2 /Oi /Oy- /GL /D WIN32 /D NDEBUG /D _CONSOLE /D _LIB /D _UNICODE /D UNICODE /Gm- /EHsc /MD /GS /Gy /fp:precise /Zc:wchar_t /Zc:forScope /Yu"stdafx.h" /Fp"Release\Controller.pch" /Fo"Release\\" /Fd"Release\vc120.pdb" /Gd /TP /analyze- /errorReport:prompt Server.cpp
         Server.cpp
     1>Server.cpp(1): warning C4603: '_WINSOCK_DEPRECATED_NO_WARNINGS' : macro is not defined or definition is different after precompiled header use
                 Add macro to precompiled header instead of defining here
                 Server.cpp(2) : use of precompiled header
     1>Server.cpp(48): warning C4018: '<' : signed/unsigned mismatch
       Link:
         C:\Program Files (x86)\Microsoft Visual Studio 12.0\VC\bin\link.exe /ERRORREPORT:PROMPT /OUT:"C:\Users\54\Desktop\Containing-groep-6\Controller\Release\Controller.exe" /INCREMENTAL:NO /NOLOGO kernel32.lib user32.lib gdi32.lib winspool.lib comdlg32.lib advapi32.lib shell32.lib ole32.lib oleaut32.lib uuid.lib odbc32.lib odbccp32.lib /MANIFEST /MANIFESTUAC:"level='asInvoker' uiAccess='false'" /manifest:embed /DEBUG /PDB:"C:\Users\54\Desktop\Containing-groep-6\Controller\Release\Controller.pdb" /SUBSYSTEM:CONSOLE /OPT:REF /OPT:ICF /LTCG /TLBID:1 /DYNAMICBASE /NXCOMPAT /IMPLIB:"C:\Users\54\Desktop\Containing-groep-6\Controller\Release\Controller.lib" /MACHINE:X86 /SAFESEH Release\AGV.obj
         Release\Containers.obj
         Release\Controller.obj
         Release\KortstePad.obj
         Release\OpenXML.obj
         Release\Server.obj
         Release\stdafx.obj
         Generating code
     1>c:\users\54\desktop\containing-groep-6\controller\controller\server.cpp(71): warning C4715: 'Server::getOpdracht' : not all control paths return a value
     1>c:\users\54\desktop\containing-groep-6\controller\controller\openxml.cpp(157): warning C4715: 'OpenXMLs::checkNieuweAankomst' : not all control paths return a value
     1>c:\users\54\desktop\containing-groep-6\controller\controller\openxml.cpp(126): warning C4715: 'OpenXMLs::checkData' : not all control paths return a value
         Finished generating code
         Contoller.vcxproj -> C:\Users\54\Desktop\Containing-groep-6\Controller\Release\Controller.exe
     1>Done Building Project "C:\Users\54\Desktop\Containing-groep-6\Controller\Controller\Contoller.vcxproj" (Build target(s)).

Build succeeded.

Time Elapsed 00:00:05.04
