Build started 07-Jan-16 7:07:28 PM.
     1>Project "C:\Users\54\Desktop\Containing-groep-6\Controller\Controller.vcxproj" on node 2 (Build target(s)).
     1>ClCompile:
         C:\Program Files (x86)\Microsoft Visual Studio 12.0\VC\bin\CL.exe /c /Zi /nologo /W3 /WX- /Od /Oy- /D WIN32 /D _DEBUG /D _CONSOLE /Gm /EHsc /RTC1 /MDd /GS /fp:precise /Zc:wchar_t /Zc:forScope /Fo"Debug\\" /Fd"Debug\vc120.pdb" /Gd /TP /analyze- /errorReport:prompt controller\AGV.cpp controller\Containers.cpp controller\Controller.cpp controller\KortstePad.cpp controller\OpenXML.cpp controller\Server.cpp controller\stdafx.cpp
         stdafx.cpp
         Server.cpp
     1>controller\Server.cpp(48): warning C4018: '<' : signed/unsigned mismatch
         OpenXML.cpp
         KortstePad.cpp
     1>controller\KortstePad.cpp(70): warning C4553: '==' : operator has no effect; did you intend '='?
         Controller.cpp
         Containers.cpp
         AGV.cpp
         Generating Code...
     1>c:\users\54\desktop\containing-groep-6\controller\controller\openxml.cpp(126): warning C4715: 'OpenXMLs::checkData' : not all control paths return a value
     1>c:\users\54\desktop\containing-groep-6\controller\controller\openxml.cpp(157): warning C4715: 'OpenXMLs::checkNieuweAankomst' : not all control paths return a value
     1>c:\users\54\desktop\containing-groep-6\controller\controller\server.cpp(71): warning C4715: 'Server::getOpdracht' : not all control paths return a value
       Link:
         C:\Program Files (x86)\Microsoft Visual Studio 12.0\VC\bin\link.exe /ERRORREPORT:PROMPT /OUT:"C:\Users\54\Desktop\Containing-groep-6\Controller\Debug\Controller.exe" /INCREMENTAL /NOLOGO kernel32.lib user32.lib gdi32.lib winspool.lib comdlg32.lib advapi32.lib shell32.lib ole32.lib oleaut32.lib uuid.lib odbc32.lib odbccp32.lib /MANIFEST /MANIFESTUAC:"level='asInvoker' uiAccess='false'" /manifest:embed /DEBUG /PDB:"C:\Users\54\Desktop\Containing-groep-6\Controller\Debug\Controller.pdb" /SUBSYSTEM:CONSOLE /TLBID:1 /DYNAMICBASE /NXCOMPAT /IMPLIB:"C:\Users\54\Desktop\Containing-groep-6\Controller\Debug\Controller.lib" /MACHINE:X86 Debug\AGV.obj
         Debug\Containers.obj
         Debug\Controller.obj
         Debug\KortstePad.obj
         Debug\OpenXML.obj
         Debug\Server.obj
         Debug\stdafx.obj
         LINK : C:\Users\54\Desktop\Containing-groep-6\Controller\Debug\Controller.exe not found or not built by the last incremental link; performing full link
         Controller.vcxproj -> C:\Users\54\Desktop\Containing-groep-6\Controller\Debug\Controller.exe
     1>Done Building Project "C:\Users\54\Desktop\Containing-groep-6\Controller\Controller.vcxproj" (Build target(s)).

Build succeeded.

Time Elapsed 00:00:14.82
