Build started 15-Dec-15 12:50:54 PM.
     1>Project "C:\Users\54\Desktop\Containing-groep-6\Contoller\Contoller\Contoller.vcxproj" on node 2 (Build target(s)).
     1>ClCompile:
         C:\Program Files (x86)\Microsoft Visual Studio 12.0\VC\bin\CL.exe /c /Zi /nologo /W3 /WX- /sdl /O2 /Oi /Oy- /GL /D WIN32 /D NDEBUG /D _CONSOLE /D _LIB /D _UNICODE /D UNICODE /Gm- /EHsc /MD /GS /Gy /fp:precise /Zc:wchar_t /Zc:forScope /Yu"stdafx.h" /Fp"Release\Contoller.pch" /Fo"Release\\" /Fd"Release\vc120.pdb" /Gd /TP /analyze- /errorReport:prompt Contoller.cpp
         Contoller.cpp
       Link:
         C:\Program Files (x86)\Microsoft Visual Studio 12.0\VC\bin\link.exe /ERRORREPORT:PROMPT /OUT:"C:\Users\54\Desktop\Containing-groep-6\Contoller\Release\Contoller.exe" /INCREMENTAL:NO /NOLOGO kernel32.lib user32.lib gdi32.lib winspool.lib comdlg32.lib advapi32.lib shell32.lib ole32.lib oleaut32.lib uuid.lib odbc32.lib odbccp32.lib /MANIFEST /MANIFESTUAC:"level='asInvoker' uiAccess='false'" /manifest:embed /DEBUG /PDB:"C:\Users\54\Desktop\Containing-groep-6\Contoller\Release\Contoller.pdb" /SUBSYSTEM:CONSOLE /OPT:REF /OPT:ICF /LTCG /TLBID:1 /DYNAMICBASE /NXCOMPAT /IMPLIB:"C:\Users\54\Desktop\Containing-groep-6\Contoller\Release\Contoller.lib" /MACHINE:X86 /SAFESEH Release\AGV.obj
         Release\Containers.obj
         Release\Contoller.obj
         Release\KortstePad.obj
         Release\OpenXML.obj
         Release\Server.obj
         Release\stdafx.obj
         Generating code
     1>c:\users\54\desktop\containing-groep-6\contoller\contoller\openxml.cpp(149): warning C4715: 'OpenXMLs::checkNieuweAankomst' : not all control paths return a value
     1>c:\users\54\desktop\containing-groep-6\contoller\contoller\openxml.cpp(118): warning C4715: 'OpenXMLs::checkData' : not all control paths return a value
         Finished generating code
         Contoller.vcxproj -> C:\Users\54\Desktop\Containing-groep-6\Contoller\Release\Contoller.exe
     1>Done Building Project "C:\Users\54\Desktop\Containing-groep-6\Contoller\Contoller\Contoller.vcxproj" (Build target(s)).

Build succeeded.

Time Elapsed 00:00:05.07
